[INFO] Prefetching MT5 H1 cache for last 360 day(s)...
[flow_tracking] Prefetch start days=360 window=2025-05-04T01:02:32.360618 -> 2026-04-29T01:02:32.360618
[flow_tracking] [1/11] Ensuring cache US30 H1 for last 360 day(s)...
[flow_tracking]   US30 fetch_missing 2025-05-04T01:02:32 -> 2025-05-05T10:00:00
[flow_tracking]   US30 fetched_partial=36
[flow_tracking]   US30 fetch_missing 2026-04-28T19:00:00 -> 2026-04-29T01:02:32
[flow_tracking]   US30 fetched_partial=33
[flow_tracking]   US30 done missing_ranges=2 total_cached=6040 in 3414.5 ms
[flow_tracking] [2/11] Ensuring cache USTEC H1 for last 360 day(s)...
[flow_tracking]   USTEC fetch_missing 2025-05-04T01:02:32 -> 2025-05-05T10:00:00
[flow_tracking]   USTEC fetched_partial=36
[flow_tracking]   USTEC fetch_missing 2026-04-28T19:00:00 -> 2026-04-29T01:02:32
[flow_tracking]   USTEC fetched_partial=33
[flow_tracking]   USTEC done missing_ranges=2 total_cached=6042 in 13.9 ms
[flow_tracking] [3/11] Ensuring cache US500 H1 for last 360 day(s)...
[flow_tracking]   US500 fetch_missing 2025-05-04T01:02:32 -> 2025-05-05T10:00:00
[flow_tracking]   US500 fetched_partial=36
[flow_tracking]   US500 fetch_missing 2026-04-28T19:00:00 -> 2026-04-29T01:02:32
[flow_tracking]   US500 fetched_partial=33
[flow_tracking]   US500 done missing_ranges=2 total_cached=6044 in 14.8 ms
[flow_tracking] [4/11] Ensuring cache XAUUSD H1 for last 360 day(s)...
[flow_tracking]   XAUUSD cache=MISS fetch 2025-05-04T01:02:32.360618 -> 2026-04-29T01:02:32.360618
[flow_tracking]   XAUUSD fetched_full=5819
[flow_tracking]   XAUUSD done in 30.7 ms
[flow_tracking] [5/11] Ensuring cache BTCUSD H1 for last 360 day(s)...
[flow_tracking]   BTCUSD fetch_missing 2025-05-04T01:02:32 -> 2025-05-04T04:00:00
[flow_tracking]   BTCUSD fetched_partial=36
[flow_tracking]   BTCUSD fetch_missing 2026-04-15T14:00:00 -> 2026-04-29T01:02:32
[flow_tracking]   BTCUSD fetched_partial=327
[flow_tracking]   BTCUSD done missing_ranges=2 total_cached=8923 in 17.6 ms
[flow_tracking] [6/11] Ensuring cache DXY H1 for last 360 day(s)...
[flow_tracking]   DXY cache=MISS fetch 2025-05-04T01:02:32.360618 -> 2026-04-29T01:02:32.360618
Traceback (most recent call last):
  File "E:\Trade folder\Trading_analyze\flow_tracking - Copy\backend\fetch_flow_mt5.py", line 88, in <module>
    raise SystemExit(main())
  File "E:\Trade folder\Trading_analyze\flow_tracking - Copy\backend\fetch_flow_mt5.py", line 80, in main
    _fetch_partial_for_symbol(sym, start, end, cache)
  File "E:\Trade folder\Trading_analyze\flow_tracking - Copy\backend\fetch_flow_mt5.py", line 34, in _fetch_partial_for_symbol
    bars = fetch_h1_bars(symbol, start, end)
  File "E:\Trade folder\Trading_analyze\flow_tracking - Copy\backend\mt5_service.py", line 172, in wrapper
    return fn(*args, **kwargs)
  File "E:\Trade folder\Trading_analyze\flow_tracking - Copy\backend\mt5_service.py", line 192, in fetch_h1_bars
    raise Mt5Error(f"Failed to select symbol: {symbol}")
mt5_service.Mt5Error: Failed to select symbol: DXY
[ERROR] Prefetch failed (exit=1).
